        -:    0:Source:hash.h
        -:    0:Graph:chunk_manager.gcno
        -:    0:Data:chunk_manager.gcda
        -:    0:Runs:1
        -:    0:Programs:1
        -:    1:#ifndef __MF_HASH_H__
        -:    2:#define __MF_HASH_H__
        -:    3:
        -:    4:#include <sys/types.h>
        -:    5:
        -:    6:typedef off_t hkey_t;
        -:    7:typedef void* hval_t;
        -:    8:
        -:    9:#define HASHTABLE_SIZE 1024
       34:   10:inline static size_t simple_hash(hkey_t x) {
       34:   11:	return x % HASHTABLE_SIZE;
        -:   12:}
        -:   13:
        -:   14:#endif
